<?xml version="1.0" encoding="UTF-8"?>
<!-- Generated by org.testng.reporters.JUnitReportReporter -->
<testsuite hostname="Pavanbelliber" failures="0" tests="1" name="JenkinsDemoWithOutPlugins.JenkinsDemoWithOutPlugins.OpenGoogle" time="12.576" errors="0" timestamp="2025-06-11T11:08:54 IST" skipped="0">
  <testcase classname="JenkinsDemoWithOutPlugins.JenkinsDemoWithOutPlugins.OpenGoogle" name="googleTest" time="12.576"/>
</testsuite> <!-- JenkinsDemoWithOutPlugins.JenkinsDemoWithOutPlugins.OpenGoogle -->
